# JRE version: Java(TM) SE Runtime Environment (21.0.2+13) (build 21.0.2+13-LTS-58)
# Java VM: Java HotSpot(TM) 64-Bit Server VM (21.0.2+13-LTS-58, mixed mode, sharing, tiered, compressed oops, compressed class ptrs, g1 gc, windows-amd64)
GC Precious Log:
 CardTable entry size: 512
 Card Set container configuration: InlinePtr #cards 5 size 8 Array Of Cards #cards 12 size 40 Howl #buckets 4 coarsen threshold 1843 Howl Bitmap #cards 512 size 80 coarsen threshold 460 Card regions per heap region 1 cards per card region 2048
 CPUs: 8 total, 8 available
 Memory: 7585M
 Large Page Support: Disabled
 NUMA Support: Disabled
 Compressed Oops: Enabled (32-bit)
 Heap Region Size: 1M
 Heap Min Capacity: 8M
 Heap Initial Capacity: 120M
 Heap Max Capacity: 2G
 Pre-touch: Disabled
 Parallel Workers: 8
 Concurrent Workers: 2
 Concurrent Refinement Workers: 8
 Periodic GC: Disabled
Heap:
 garbage-first heap   total 437248K, used 335878K [0x0000000080000000, 0x0000000100000000)
  region size 1024K, 164 young (167936K), 5 survivors (5120K)
 Metaspace       used 191469K, committed 194624K, reserved 622592K
  class space    used 23487K, committed 25024K, reserved 425984K
GC Heap History (20 events):
Event: 75.905 GC heap before
{Heap before GC invocations=120 (full 0):
 garbage-first heap   total 339968K, used 239743K [0x0000000080000000, 0x0000000100000000)
  region size 1024K, 66 young (67584K), 14 survivors (14336K)
 Metaspace       used 174964K, committed 177792K, reserved 622592K
  class space    used 21767K, committed 23168K, reserved 425984K
}
Event: 75.913 GC heap after
{Heap after GC invocations=121 (full 0):
 garbage-first heap   total 339968K, used 182117K [0x0000000080000000, 0x0000000100000000)
  region size 1024K, 6 young (6144K), 6 survivors (6144K)
 Metaspace       used 174964K, committed 177792K, reserved 622592K
  class space    used 21767K, committed 23168K, reserved 425984K
}
Event: 77.205 GC heap before
{Heap before GC invocations=122 (full 0):
 garbage-first heap   total 393216K, used 301925K [0x0000000080000000, 0x0000000100000000)
  region size 1024K, 128 young (131072K), 6 survivors (6144K)
 Metaspace       used 177177K, committed 180032K, reserved 622592K
  class space    used 22070K, committed 23488K, reserved 425984K
}
Event: 77.211 GC heap after
{Heap after GC invocations=123 (full 0):
 garbage-first heap   total 393216K, used 166637K [0x0000000080000000, 0x0000000100000000)
  region size 1024K, 4 young (4096K), 4 survivors (4096K)
 Metaspace       used 177177K, committed 180032K, reserved 622592K
  class space    used 22070K, committed 23488K, reserved 425984K
}
Event: 89.464 GC heap before
{Heap before GC invocations=123 (full 0):
 garbage-first heap   total 393216K, used 360173K [0x0000000080000000, 0x0000000100000000)
  region size 1024K, 187 young (191488K), 4 survivors (4096K)
 Metaspace       used 180615K, committed 183616K, reserved 622592K
  class space    used 22644K, committed 24128K, reserved 425984K
}
Event: 89.478 GC heap after
{Heap after GC invocations=124 (full 0):
 garbage-first heap   total 393216K, used 173535K [0x0000000080000000, 0x0000000100000000)
  region size 1024K, 12 young (12288K), 12 survivors (12288K)
 Metaspace       used 180615K, committed 183616K, reserved 622592K
  class space    used 22644K, committed 24128K, reserved 425984K
}
Event: 89.840 GC heap before
{Heap before GC invocations=124 (full 0):
 garbage-first heap   total 393216K, used 357855K [0x0000000080000000, 0x0000000100000000)
  region size 1024K, 192 young (196608K), 12 survivors (12288K)
 Metaspace       used 180615K, committed 183616K, reserved 622592K
  class space    used 22644K, committed 24128K, reserved 425984K
}
Event: 89.852 GC heap after
{Heap after GC invocations=125 (full 0):
 garbage-first heap   total 393216K, used 177084K [0x0000000080000000, 0x0000000100000000)
  region size 1024K, 16 young (16384K), 16 survivors (16384K)
 Metaspace       used 180615K, committed 183616K, reserved 622592K
  class space    used 22644K, committed 24128K, reserved 425984K
}
Event: 90.366 GC heap before
{Heap before GC invocations=126 (full 0):
 garbage-first heap   total 437248K, used 353212K [0x0000000080000000, 0x0000000100000000)
  region size 1024K, 188 young (192512K), 16 survivors (16384K)
 Metaspace       used 180615K, committed 183616K, reserved 622592K
  class space    used 22644K, committed 24128K, reserved 425984K
}
Event: 90.379 GC heap after
{Heap after GC invocations=127 (full 0):
 garbage-first heap   total 437248K, used 178560K [0x0000000080000000, 0x0000000100000000)
  region size 1024K, 14 young (14336K), 14 survivors (14336K)
 Metaspace       used 180615K, committed 183616K, reserved 622592K
  class space    used 22644K, committed 24128K, reserved 425984K
}
Event: 90.998 GC heap before
{Heap before GC invocations=127 (full 0):
 garbage-first heap   total 437248K, used 399744K [0x0000000080000000, 0x0000000100000000)
  region size 1024K, 230 young (235520K), 14 survivors (14336K)
 Metaspace       used 180615K, committed 183616K, reserved 622592K
  class space    used 22644K, committed 24128K, reserved 425984K
}
Event: 91.010 GC heap after
{Heap after GC invocations=128 (full 0):
 garbage-first heap   total 437248K, used 176246K [0x0000000080000000, 0x0000000100000000)
  region size 1024K, 17 young (17408K), 17 survivors (17408K)
 Metaspace       used 180615K, committed 183616K, reserved 622592K
  class space    used 22644K, committed 24128K, reserved 425984K
}
Event: 91.475 GC heap before
{Heap before GC invocations=128 (full 0):
 garbage-first heap   total 437248K, used 392310K [0x0000000080000000, 0x0000000100000000)
  region size 1024K, 229 young (234496K), 17 survivors (17408K)
 Metaspace       used 181595K, committed 184576K, reserved 622592K
  class space    used 22778K, committed 24256K, reserved 425984K
}
Event: 91.487 GC heap after
{Heap after GC invocations=129 (full 0):
 garbage-first heap   total 437248K, used 166912K [0x0000000080000000, 0x0000000100000000)
  region size 1024K, 3 young (3072K), 3 survivors (3072K)
 Metaspace       used 181595K, committed 184576K, reserved 622592K
  class space    used 22778K, committed 24256K, reserved 425984K
}
Event: 92.516 GC heap before
{Heap before GC invocations=130 (full 0):
 garbage-first heap   total 437248K, used 422912K [0x0000000080000000, 0x0000000100000000)
  region size 1024K, 242 young (247808K), 3 survivors (3072K)
 Metaspace       used 190797K, committed 193792K, reserved 622592K
  class space    used 23487K, committed 24960K, reserved 425984K
}
Event: 92.529 GC heap after
{Heap after GC invocations=131 (full 0):
 garbage-first heap   total 437248K, used 177582K [0x0000000080000000, 0x0000000100000000)
  region size 1024K, 10 young (10240K), 10 survivors (10240K)
 Metaspace       used 190797K, committed 193792K, reserved 622592K
  class space    used 23487K, committed 24960K, reserved 425984K
}
Event: 93.089 GC heap before
{Heap before GC invocations=131 (full 0):
 garbage-first heap   total 437248K, used 404910K [0x0000000080000000, 0x0000000100000000)
  region size 1024K, 231 young (236544K), 10 survivors (10240K)
 Metaspace       used 191018K, committed 193984K, reserved 622592K
  class space    used 23489K, committed 24960K, reserved 425984K
}
Event: 93.101 GC heap after
{Heap after GC invocations=132 (full 0):
 garbage-first heap   total 437248K, used 167901K [0x0000000080000000, 0x0000000100000000)
  region size 1024K, 5 young (5120K), 5 survivors (5120K)
 Metaspace       used 191018K, committed 193984K, reserved 622592K
  class space    used 23489K, committed 24960K, reserved 425984K
}
Event: 95.302 GC heap before
{Heap before GC invocations=132 (full 0):
 garbage-first heap   total 437248K, used 291805K [0x0000000080000000, 0x0000000100000000)
  region size 1024K, 127 young (130048K), 5 survivors (5120K)
 Metaspace       used 191525K, committed 194496K, reserved 622592K
  class space    used 23518K, committed 25024K, reserved 425984K
}
Event: 95.315 GC heap after
{Heap after GC invocations=133 (full 0):
 garbage-first heap   total 437248K, used 167942K [0x0000000080000000, 0x0000000100000000)
  region size 1024K, 5 young (5120K), 5 survivors (5120K)
 Metaspace       used 191525K, committed 194496K, reserved 622592K
  class space    used 23518K, committed 25024K, reserved 425984K
}

